<?xml version="1.0" encoding="UTF-8"?>
<testng-results skipped="0" failed="0" total="1" passed="1">
  <reporter-output>
  </reporter-output>
  <suite name="Default suite" duration-ms="13202" started-at="2020-04-04T18:17:23Z" finished-at="2020-04-04T18:17:37Z">
    <groups>
    </groups>
    <test name="Default test" duration-ms="13202" started-at="2020-04-04T18:17:23Z" finished-at="2020-04-04T18:17:37Z">
      <class name="www.etihive.home.TC_01_UserRegistration">
        <test-method status="PASS" signature="f1()[pri:0, instance:www.etihive.home.TC_01_UserRegistration@13deb50e]" name="f1" duration-ms="13185" started-at="2020-04-04T23:47:23Z" finished-at="2020-04-04T23:47:37Z">
          <reporter-output>
          </reporter-output>
        </test-method> <!-- f1 -->
      </class> <!-- www.etihive.home.TC_01_UserRegistration -->
    </test> <!-- Default test -->
  </suite> <!-- Default suite -->
</testng-results>
